# JRE version: OpenJDK Runtime Environment (7.0_55-b14) (build 1.7.0_55-b14)
# Java VM: OpenJDK 64-Bit Server VM (24.51-b03 mixed mode linux-amd64 compressed oops)
Heap
 PSYoungGen      total 145920K, used 62144K [0x00000000f0000000, 0x00000000fdb00000, 0x0000000100000000)
  eden space 107008K, 21% used [0x00000000f0000000,0x00000000f16b6498,0x00000000f6880000)
  from space 38912K, 99% used [0x00000000f6880000,0x00000000f8e79d48,0x00000000f8e80000)
  to   space 46592K, 0% used [0x00000000fad80000,0x00000000fad80000,0x00000000fdb00000)
 ParOldGen       total 74752K, used 47831K [0x00000000d0000000, 0x00000000d4900000, 0x00000000f0000000)
  object space 74752K, 63% used [0x00000000d0000000,0x00000000d2eb5c90,0x00000000d4900000)
 PSPermGen       total 101376K, used 83465K [0x00000000b0000000, 0x00000000b6300000, 0x00000000d0000000)
  object space 101376K, 82% used [0x00000000b0000000,0x00000000b51827f0,0x00000000b6300000)
GC Heap History (10 events):
Event: 14.003 GC heap before
{Heap before GC invocations=18 (full 3):
 PSYoungGen      total 113664K, used 5788K [0x00000000f0000000, 0x00000000f8880000, 0x0000000100000000)
  eden space 88064K, 0% used [0x00000000f0000000,0x00000000f0000000,0x00000000f5600000)
  from space 25600K, 22% used [0x00000000f5600000,0x00000000f5ba73c8,0x00000000f6f00000)
  to   space 24576K, 0% used [0x00000000f7080000,0x00000000f7080000,0x00000000f8880000)
 ParOldGen       total 74752K, used 36485K [0x00000000d0000000, 0x00000000d4900000, 0x00000000f0000000)
  object space 74752K, 48% used [0x00000000d0000000,0x00000000d23a17e0,0x00000000d4900000)
 PSPermGen       total 91136K, used 61029K [0x00000000b0000000, 0x00000000b5900000, 0x00000000d0000000)
  object space 91136K, 66% used [0x00000000b0000000,0x00000000b3b99658,0x00000000b5900000)
Event: 14.213 GC heap after
Heap after GC invocations=18 (full 3):
 PSYoungGen      total 113664K, used 0K [0x00000000f0000000, 0x00000000f8880000, 0x0000000100000000)
  eden space 88064K, 0% used [0x00000000f0000000,0x00000000f0000000,0x00000000f5600000)
  from space 25600K, 0% used [0x00000000f5600000,0x00000000f5600000,0x00000000f6f00000)
  to   space 24576K, 0% used [0x00000000f7080000,0x00000000f7080000,0x00000000f8880000)
 ParOldGen       total 74752K, used 31993K [0x00000000d0000000, 0x00000000d4900000, 0x00000000f0000000)
  object space 74752K, 42% used [0x00000000d0000000,0x00000000d1f3e5a0,0x00000000d4900000)
 PSPermGen       total 101376K, used 60992K [0x00000000b0000000, 0x00000000b6300000, 0x00000000d0000000)
  object space 101376K, 60% used [0x00000000b0000000,0x00000000b3b903f0,0x00000000b6300000)
}
Event: 16.014 GC heap before
{Heap before GC invocations=19 (full 3):
 PSYoungGen      total 113664K, used 88064K [0x00000000f0000000, 0x00000000f8880000, 0x0000000100000000)
  eden space 88064K, 100% used [0x00000000f0000000,0x00000000f5600000,0x00000000f5600000)
  from space 25600K, 0% used [0x00000000f5600000,0x00000000f5600000,0x00000000f6f00000)
  to   space 24576K, 0% used [0x00000000f7080000,0x00000000f7080000,0x00000000f8880000)
 ParOldGen       total 74752K, used 31993K [0x00000000d0000000, 0x00000000d4900000, 0x00000000f0000000)
  object space 74752K, 42% used [0x00000000d0000000,0x00000000d1f3e5a0,0x00000000d4900000)
 PSPermGen       total 101376K, used 70927K [0x00000000b0000000, 0x00000000b6300000, 0x00000000d0000000)
  object space 101376K, 69% used [0x00000000b0000000,0x00000000b4543d10,0x00000000b6300000)
Event: 16.026 GC heap after
Heap after GC invocations=19 (full 3):
 PSYoungGen      total 114688K, used 14376K [0x00000000f0000000, 0x00000000f9c00000, 0x0000000100000000)
  eden space 90112K, 0% used [0x00000000f0000000,0x00000000f0000000,0x00000000f5800000)
  from space 24576K, 58% used [0x00000000f7080000,0x00000000f7e8a168,0x00000000f8880000)
  to   space 25088K, 0% used [0x00000000f5800000,0x00000000f5800000,0x00000000f7080000)
 ParOldGen       total 74752K, used 32001K [0x00000000d0000000, 0x00000000d4900000, 0x00000000f0000000)
  object space 74752K, 42% used [0x00000000d0000000,0x00000000d1f405a0,0x00000000d4900000)
 PSPermGen       total 101376K, used 70927K [0x00000000b0000000, 0x00000000b6300000, 0x00000000d0000000)
  object space 101376K, 69% used [0x00000000b0000000,0x00000000b4543d10,0x00000000b6300000)
}
Event: 16.568 GC heap before
{Heap before GC invocations=20 (full 3):
 PSYoungGen      total 114688K, used 104488K [0x00000000f0000000, 0x00000000f9c00000, 0x0000000100000000)
  eden space 90112K, 100% used [0x00000000f0000000,0x00000000f5800000,0x00000000f5800000)
  from space 24576K, 58% used [0x00000000f7080000,0x00000000f7e8a168,0x00000000f8880000)
  to   space 25088K, 0% used [0x00000000f5800000,0x00000000f5800000,0x00000000f7080000)
 ParOldGen       total 74752K, used 32001K [0x00000000d0000000, 0x00000000d4900000, 0x00000000f0000000)
  object space 74752K, 42% used [0x00000000d0000000,0x00000000d1f405a0,0x00000000d4900000)
 PSPermGen       total 101376K, used 70954K [0x00000000b0000000, 0x00000000b6300000, 0x00000000d0000000)
  object space 101376K, 69% used [0x00000000b0000000,0x00000000b454a868,0x00000000b6300000)
Event: 16.589 GC heap after
Heap after GC invocations=20 (full 3):
 PSYoungGen      total 115200K, used 25071K [0x00000000f0000000, 0x00000000fac00000, 0x0000000100000000)
  eden space 90112K, 0% used [0x00000000f0000000,0x00000000f0000000,0x00000000f5800000)
  from space 25088K, 99% used [0x00000000f5800000,0x00000000f707bd58,0x00000000f7080000)
  to   space 30208K, 0% used [0x00000000f8e80000,0x00000000f8e80000,0x00000000fac00000)
 ParOldGen       total 74752K, used 34985K [0x00000000d0000000, 0x00000000d4900000, 0x00000000f0000000)
  object space 74752K, 46% used [0x00000000d0000000,0x00000000d222a5f0,0x00000000d4900000)
 PSPermGen       total 101376K, used 70954K [0x00000000b0000000, 0x00000000b6300000, 0x00000000d0000000)
  object space 101376K, 69% used [0x00000000b0000000,0x00000000b454a868,0x00000000b6300000)
}
Event: 17.186 GC heap before
{Heap before GC invocations=21 (full 3):
 PSYoungGen      total 115200K, used 115183K [0x00000000f0000000, 0x00000000fac00000, 0x0000000100000000)
  eden space 90112K, 100% used [0x00000000f0000000,0x00000000f5800000,0x00000000f5800000)
  from space 25088K, 99% used [0x00000000f5800000,0x00000000f707bd58,0x00000000f7080000)
  to   space 30208K, 0% used [0x00000000f8e80000,0x00000000f8e80000,0x00000000fac00000)
 ParOldGen       total 74752K, used 34985K [0x00000000d0000000, 0x00000000d4900000, 0x00000000f0000000)
  object space 74752K, 46% used [0x00000000d0000000,0x00000000d222a5f0,0x00000000d4900000)
 PSPermGen       total 101376K, used 75276K [0x00000000b0000000, 0x00000000b6300000, 0x00000000d0000000)
  object space 101376K, 74% used [0x00000000b0000000,0x00000000b4983150,0x00000000b6300000)
Event: 17.219 GC heap after
Heap after GC invocations=21 (full 3):
 PSYoungGen      total 137216K, used 30194K [0x00000000f0000000, 0x00000000fb780000, 0x0000000100000000)
  eden space 107008K, 0% used [0x00000000f0000000,0x00000000f0000000,0x00000000f6880000)
  from space 30208K, 99% used [0x00000000f8e80000,0x00000000fabfcaf8,0x00000000fac00000)
  to   space 38912K, 0% used [0x00000000f6880000,0x00000000f6880000,0x00000000f8e80000)
 ParOldGen       total 74752K, used 44632K [0x00000000d0000000, 0x00000000d4900000, 0x00000000f0000000)
  object space 74752K, 59% used [0x00000000d0000000,0x00000000d2b960f0,0x00000000d4900000)
 PSPermGen       total 101376K, used 75276K [0x00000000b0000000, 0x00000000b6300000, 0x00000000d0000000)
  object space 101376K, 74% used [0x00000000b0000000,0x00000000b4983150,0x00000000b6300000)
}
Event: 18.448 GC heap before
{Heap before GC invocations=22 (full 3):
 PSYoungGen      total 137216K, used 137202K [0x00000000f0000000, 0x00000000fb780000, 0x0000000100000000)
  eden space 107008K, 100% used [0x00000000f0000000,0x00000000f6880000,0x00000000f6880000)
  from space 30208K, 99% used [0x00000000f8e80000,0x00000000fabfcaf8,0x00000000fac00000)
  to   space 38912K, 0% used [0x00000000f6880000,0x00000000f6880000,0x00000000f8e80000)
 ParOldGen       total 74752K, used 44632K [0x00000000d0000000, 0x00000000d4900000, 0x00000000f0000000)
  object space 74752K, 59% used [0x00000000d0000000,0x00000000d2b960f0,0x00000000d4900000)
 PSPermGen       total 101376K, used 81017K [0x00000000b0000000, 0x00000000b6300000, 0x00000000d0000000)
  object space 101376K, 79% used [0x00000000b0000000,0x00000000b4f1e6b0,0x00000000b6300000)
Event: 18.490 GC heap after
Heap after GC invocations=22 (full 3):
 PSYoungGen      total 145920K, used 38887K [0x00000000f0000000, 0x00000000fdb00000, 0x0000000100000000)
  eden space 107008K, 0% used [0x00000000f0000000,0x00000000f0000000,0x00000000f6880000)
  from space 38912K, 99% used [0x00000000f6880000,0x00000000f8e79d48,0x00000000f8e80000)
  to   space 46592K, 0% used [0x00000000fad80000,0x00000000fad80000,0x00000000fdb00000)
 ParOldGen       total 74752K, used 47831K [0x00000000d0000000, 0x00000000d4900000, 0x00000000f0000000)
  object space 74752K, 63% used [0x00000000d0000000,0x00000000d2eb5c90,0x00000000d4900000)
 PSPermGen       total 101376K, used 81017K [0x00000000b0000000, 0x00000000b6300000, 0x00000000d0000000)
  object space 101376K, 79% used [0x00000000b0000000,0x00000000b4f1e6b0,0x00000000b6300000)
}

