# JRE version: OpenJDK Runtime Environment (7.0_55-b14) (build 1.7.0_55-b14)
# Java VM: OpenJDK 64-Bit Server VM (24.51-b03 mixed mode linux-amd64 compressed oops)
Heap
 PSYoungGen      total 222208K, used 14247K [0x00000000f0000000, 0x0000000100000000, 0x0000000100000000)
  eden space 181760K, 7% used [0x00000000f0000000,0x00000000f0de9ee8,0x00000000fb180000)
  from space 40448K, 0% used [0x00000000fd880000,0x00000000fd880000,0x0000000100000000)
  to   space 39936K, 0% used [0x00000000fb180000,0x00000000fb180000,0x00000000fd880000)
 ParOldGen       total 136192K, used 73518K [0x00000000d0000000, 0x00000000d8500000, 0x00000000f0000000)
  object space 136192K, 53% used [0x00000000d0000000,0x00000000d47cb9b0,0x00000000d8500000)
 PSPermGen       total 129024K, used 85641K [0x00000000b0000000, 0x00000000b7e00000, 0x00000000d0000000)
  object space 129024K, 66% used [0x00000000b0000000,0x00000000b53a2408,0x00000000b7e00000)
GC Heap History (10 events):
Event: 133.433 GC heap before
{Heap before GC invocations=20 (full 4):
 PSYoungGen      total 200704K, used 18798K [0x00000000f0000000, 0x00000000ff200000, 0x0000000100000000)
  eden space 165888K, 0% used [0x00000000f0000000,0x00000000f0000000,0x00000000fa200000)
  from space 34816K, 53% used [0x00000000fd000000,0x00000000fe25b9d0,0x00000000ff200000)
  to   space 40960K, 0% used [0x00000000fa200000,0x00000000fa200000,0x00000000fca00000)
 ParOldGen       total 80384K, used 80084K [0x00000000d0000000, 0x00000000d4e80000, 0x00000000f0000000)
  object space 80384K, 99% used [0x00000000d0000000,0x00000000d4e350f8,0x00000000d4e80000)
 PSPermGen       total 103424K, used 89206K [0x00000000b0000000, 0x00000000b6500000, 0x00000000d0000000)
  object space 103424K, 86% used [0x00000000b0000000,0x00000000b571da48,0x00000000b6500000)
Event: 133.694 GC heap after
Heap after GC invocations=20 (full 4):
 PSYoungGen      total 200704K, used 0K [0x00000000f0000000, 0x00000000ff200000, 0x0000000100000000)
  eden space 165888K, 0% used [0x00000000f0000000,0x00000000f0000000,0x00000000fa200000)
  from space 34816K, 0% used [0x00000000fd000000,0x00000000fd000000,0x00000000ff200000)
  to   space 40960K, 0% used [0x00000000fa200000,0x00000000fa200000,0x00000000fca00000)
 ParOldGen       total 136192K, used 77398K [0x00000000d0000000, 0x00000000d8500000, 0x00000000f0000000)
  object space 136192K, 56% used [0x00000000d0000000,0x00000000d4b95b58,0x00000000d8500000)
 PSPermGen       total 125440K, used 81737K [0x00000000b0000000, 0x00000000b7a80000, 0x00000000d0000000)
  object space 125440K, 65% used [0x00000000b0000000,0x00000000b4fd27a0,0x00000000b7a80000)
}
Event: 159.838 GC heap before
{Heap before GC invocations=21 (full 4):
 PSYoungGen      total 200704K, used 52711K [0x00000000f0000000, 0x00000000ff200000, 0x0000000100000000)
  eden space 165888K, 31% used [0x00000000f0000000,0x00000000f3379f48,0x00000000fa200000)
  from space 34816K, 0% used [0x00000000fd000000,0x00000000fd000000,0x00000000ff200000)
  to   space 40960K, 0% used [0x00000000fa200000,0x00000000fa200000,0x00000000fca00000)
 ParOldGen       total 136192K, used 77398K [0x00000000d0000000, 0x00000000d8500000, 0x00000000f0000000)
  object space 136192K, 56% used [0x00000000d0000000,0x00000000d4b95b58,0x00000000d8500000)
 PSPermGen       total 125440K, used 83254K [0x00000000b0000000, 0x00000000b7a80000, 0x00000000d0000000)
  object space 125440K, 66% used [0x00000000b0000000,0x00000000b514d898,0x00000000b7a80000)
Event: 159.848 GC heap after
Heap after GC invocations=21 (full 4):
 PSYoungGen      total 206848K, used 4116K [0x00000000f0000000, 0x0000000100000000, 0x0000000100000000)
  eden space 165888K, 0% used [0x00000000f0000000,0x00000000f0000000,0x00000000fa200000)
  from space 40960K, 10% used [0x00000000fa200000,0x00000000fa605380,0x00000000fca00000)
  to   space 40448K, 0% used [0x00000000fd880000,0x00000000fd880000,0x0000000100000000)
 ParOldGen       total 136192K, used 77398K [0x00000000d0000000, 0x00000000d8500000, 0x00000000f0000000)
  object space 136192K, 56% used [0x00000000d0000000,0x00000000d4b95b58,0x00000000d8500000)
 PSPermGen       total 125440K, used 83254K [0x00000000b0000000, 0x00000000b7a80000, 0x00000000d0000000)
  object space 125440K, 66% used [0x00000000b0000000,0x00000000b514d898,0x00000000b7a80000)
}
Event: 159.848 GC heap before
{Heap before GC invocations=22 (full 5):
 PSYoungGen      total 206848K, used 4116K [0x00000000f0000000, 0x0000000100000000, 0x0000000100000000)
  eden space 165888K, 0% used [0x00000000f0000000,0x00000000f0000000,0x00000000fa200000)
  from space 40960K, 10% used [0x00000000fa200000,0x00000000fa605380,0x00000000fca00000)
  to   space 40448K, 0% used [0x00000000fd880000,0x00000000fd880000,0x0000000100000000)
 ParOldGen       total 136192K, used 77398K [0x00000000d0000000, 0x00000000d8500000, 0x00000000f0000000)
  object space 136192K, 56% used [0x00000000d0000000,0x00000000d4b95b58,0x00000000d8500000)
 PSPermGen       total 125440K, used 83254K [0x00000000b0000000, 0x00000000b7a80000, 0x00000000d0000000)
  object space 125440K, 66% used [0x00000000b0000000,0x00000000b514d898,0x00000000b7a80000)
Event: 160.362 GC heap after
Heap after GC invocations=22 (full 5):
 PSYoungGen      total 206848K, used 0K [0x00000000f0000000, 0x0000000100000000, 0x0000000100000000)
  eden space 165888K, 0% used [0x00000000f0000000,0x00000000f0000000,0x00000000fa200000)
  from space 40960K, 0% used [0x00000000fa200000,0x00000000fa200000,0x00000000fca00000)
  to   space 40448K, 0% used [0x00000000fd880000,0x00000000fd880000,0x0000000100000000)
 ParOldGen       total 136192K, used 73881K [0x00000000d0000000, 0x00000000d8500000, 0x00000000f0000000)
  object space 136192K, 54% used [0x00000000d0000000,0x00000000d4826690,0x00000000d8500000)
 PSPermGen       total 128512K, used 83237K [0x00000000b0000000, 0x00000000b7d80000, 0x00000000d0000000)
  object space 128512K, 64% used [0x00000000b0000000,0x00000000b51497c0,0x00000000b7d80000)
}
Event: 219.838 GC heap before
{Heap before GC invocations=23 (full 5):
 PSYoungGen      total 206848K, used 34843K [0x00000000f0000000, 0x0000000100000000, 0x0000000100000000)
  eden space 165888K, 21% used [0x00000000f0000000,0x00000000f2206f38,0x00000000fa200000)
  from space 40960K, 0% used [0x00000000fa200000,0x00000000fa200000,0x00000000fca00000)
  to   space 40448K, 0% used [0x00000000fd880000,0x00000000fd880000,0x0000000100000000)
 ParOldGen       total 136192K, used 73881K [0x00000000d0000000, 0x00000000d8500000, 0x00000000f0000000)
  object space 136192K, 54% used [0x00000000d0000000,0x00000000d4826690,0x00000000d8500000)
 PSPermGen       total 128512K, used 84287K [0x00000000b0000000, 0x00000000b7d80000, 0x00000000d0000000)
  object space 128512K, 65% used [0x00000000b0000000,0x00000000b524fe38,0x00000000b7d80000)
Event: 219.846 GC heap after
Heap after GC invocations=23 (full 5):
 PSYoungGen      total 222208K, used 2694K [0x00000000f0000000, 0x0000000100000000, 0x0000000100000000)
  eden space 181760K, 0% used [0x00000000f0000000,0x00000000f0000000,0x00000000fb180000)
  from space 40448K, 6% used [0x00000000fd880000,0x00000000fdb21918,0x0000000100000000)
  to   space 39936K, 0% used [0x00000000fb180000,0x00000000fb180000,0x00000000fd880000)
 ParOldGen       total 136192K, used 73881K [0x00000000d0000000, 0x00000000d8500000, 0x00000000f0000000)
  object space 136192K, 54% used [0x00000000d0000000,0x00000000d4826690,0x00000000d8500000)
 PSPermGen       total 128512K, used 84287K [0x00000000b0000000, 0x00000000b7d80000, 0x00000000d0000000)
  object space 128512K, 65% used [0x00000000b0000000,0x00000000b524fe38,0x00000000b7d80000)
}
Event: 219.846 GC heap before
{Heap before GC invocations=24 (full 6):
 PSYoungGen      total 222208K, used 2694K [0x00000000f0000000, 0x0000000100000000, 0x0000000100000000)
  eden space 181760K, 0% used [0x00000000f0000000,0x00000000f0000000,0x00000000fb180000)
  from space 40448K, 6% used [0x00000000fd880000,0x00000000fdb21918,0x0000000100000000)
  to   space 39936K, 0% used [0x00000000fb180000,0x00000000fb180000,0x00000000fd880000)
 ParOldGen       total 136192K, used 73881K [0x00000000d0000000, 0x00000000d8500000, 0x00000000f0000000)
  object space 136192K, 54% used [0x00000000d0000000,0x00000000d4826690,0x00000000d8500000)
 PSPermGen       total 128512K, used 84287K [0x00000000b0000000, 0x00000000b7d80000, 0x00000000d0000000)
  object space 128512K, 65% used [0x00000000b0000000,0x00000000b524fe38,0x00000000b7d80000)
Event: 220.219 GC heap after
Heap after GC invocations=24 (full 6):
 PSYoungGen      total 222208K, used 0K [0x00000000f0000000, 0x0000000100000000, 0x0000000100000000)
  eden space 181760K, 0% used [0x00000000f0000000,0x00000000f0000000,0x00000000fb180000)
  from space 40448K, 0% used [0x00000000fd880000,0x00000000fd880000,0x0000000100000000)
  to   space 39936K, 0% used [0x00000000fb180000,0x00000000fb180000,0x00000000fd880000)
 ParOldGen       total 136192K, used 73518K [0x00000000d0000000, 0x00000000d8500000, 0x00000000f0000000)
  object space 136192K, 53% used [0x00000000d0000000,0x00000000d47cb9b0,0x00000000d8500000)
 PSPermGen       total 129024K, used 84285K [0x00000000b0000000, 0x00000000b7e00000, 0x00000000d0000000)
  object space 129024K, 65% used [0x00000000b0000000,0x00000000b524f668,0x00000000b7e00000)
}

